Start testing: Jul 16 10:36 SE Asia Standard Time
----------------------------------------------------------
2/4 Testing: ResolverTest
2/4 Test: ResolverTest
Command: "D:/fdlang/build/Debug/test_resolver.exe"
Directory: D:/fdlang/build
"ResolverTest" start time: Jul 16 10:36 SE Asia Standard Time
Output:
----------------------------------------------------------
========================================
  FDLANG RESOLVER TESTS
========================================
[OK] test01_simpleDeclarationAndUse
[OK] test02_useBeforeDeclare
[OK] test03_undeclaredIdentifier
[OK] test04_doubleDeclarationSameScope
[OK] test05_shadowingInNestedScope
[OK] test06_innerScopeVariableInvisibleOutside
[OK] test07_assignToUndeclared
[OK] test08_printResolvesArgument
[OK] test09_ifElseSeparateScopes
[OK] test10_whileLoopBodyScope
[OK] test11_declarationNoInitializer
[OK] test12_outerNameAccessibleAfterInnerScopeCloses
========================================
  ALL 12 TESTS PASSED
========================================
<end of output>
Test time =   0.01 sec
----------------------------------------------------------
Test Passed.
"ResolverTest" end time: Jul 16 10:36 SE Asia Standard Time
"ResolverTest" time elapsed: 00:00:00
----------------------------------------------------------

3/4 Testing: DiagnosticTest
3/4 Test: DiagnosticTest
Command: "D:/fdlang/build/Debug/test_diagnostic.exe"
Directory: D:/fdlang/build
"DiagnosticTest" start time: Jul 16 10:36 SE Asia Standard Time
Output:
----------------------------------------------------------
========================================
  FDLANG DIAGNOSTIC ENGINE TESTS
========================================
[OK] test01_freshEngineIsClean
[OK] test02_errorIncrementsCount
[OK] test03_fatalCountsAsError
[OK] test04_warningDoesNotCountAsError
[OK] test05_noteDoesNotIncrementCounters
[OK] test06_hasErrorsReflectsCount
[OK] test07_allDiagnosticsPreservesOrder
[OK] test08_resetClearsState
========================================
  ALL 8 TESTS PASSED
========================================
<end of output>
Test time =   0.01 sec
----------------------------------------------------------
Test Passed.
"DiagnosticTest" end time: Jul 16 10:36 SE Asia Standard Time
"DiagnosticTest" time elapsed: 00:00:00
----------------------------------------------------------

4/4 Testing: TypeCheckerTest
4/4 Test: TypeCheckerTest
Command: "D:/fdlang/build/Debug/test_typechecker.exe"
Directory: D:/fdlang/build
"TypeCheckerTest" start time: Jul 16 10:36 SE Asia Standard Time
Output:
----------------------------------------------------------
========================================
  FDLANG TYPE CHECKER TESTS
========================================
[OK] test01_intDeclaration
[OK] test02_boolDeclaration
[OK] test03_mismatchedAssignment
[OK] test04_invalidBinaryOperands
[OK] test05_nonBoolIfCondition
[OK] test06_nonBoolWhileCondition
[OK] test07_useBeforeInitialization
[OK] test08_assignmentInitializes
[OK] test09_intPlusIntIsInt
[OK] test10_intComparisonIsBool
[OK] test11_boolEqualityIsBool
[OK] test12_useBeforeInitInsideBlock
========================================
  ALL 12 TESTS PASSED
========================================
<end of output>
Test time =   0.02 sec
----------------------------------------------------------
Test Passed.
"TypeCheckerTest" end time: Jul 16 10:36 SE Asia Standard Time
"TypeCheckerTest" time elapsed: 00:00:00
----------------------------------------------------------

End testing: Jul 16 10:36 SE Asia Standard Time
